c:\users\razvan\desktop\flappy bird\flappy bird\debug\vc141.pdb
c:\users\razvan\desktop\flappy bird\flappy bird\debug\vc141.idb
c:\users\razvan\desktop\flappy bird\flappy bird\debug\main.obj
c:\users\razvan\desktop\flappy bird\flappy bird\debug\wall.obj
c:\users\razvan\desktop\anul2\semestrul 2\grafica\proiect 1\flappy bird\flappy bird\debug\vc141.pdb
c:\users\razvan\desktop\anul2\semestrul 2\grafica\proiect 1\flappy bird\flappy bird\debug\vc141.idb
c:\users\razvan\desktop\anul2\semestrul 2\grafica\proiect 1\flappy bird\flappy bird\debug\wall.obj
c:\users\razvan\desktop\flappy bird\debug\flappy bird.exe
c:\users\razvan\desktop\flappy bird\debug\flappy bird.ilk
c:\users\razvan\desktop\flappy bird\debug\flappy bird.pdb
c:\users\razvan\desktop\anul2\semestrul 2\grafica\proiect 1\flappy bird\flappy bird\debug\main.obj
c:\users\razvan\desktop\anul2\semestrul 2\grafica\proiect 1\flappy bird\debug\flappy bird.pdb
c:\users\razvan\desktop\anul2\semestrul 2\grafica\proiect 1\flappy bird\debug\flappy bird.exe
c:\users\razvan\desktop\anul2\semestrul 2\grafica\proiect 1\flappy bird\debug\flappy bird.ilk
c:\users\razvan\desktop\anul2\semestrul 2\grafica\proiect 1\flappy bird\flappy bird\debug\flappy bird.tlog\cl.command.1.tlog
c:\users\razvan\desktop\anul2\semestrul 2\grafica\proiect 1\flappy bird\flappy bird\debug\flappy bird.tlog\cl.read.1.tlog
c:\users\razvan\desktop\anul2\semestrul 2\grafica\proiect 1\flappy bird\flappy bird\debug\flappy bird.tlog\cl.write.1.tlog
c:\users\razvan\desktop\anul2\semestrul 2\grafica\proiect 1\flappy bird\flappy bird\debug\flappy bird.tlog\link.command.1.tlog
c:\users\razvan\desktop\anul2\semestrul 2\grafica\proiect 1\flappy bird\flappy bird\debug\flappy bird.tlog\link.read.1.tlog
c:\users\razvan\desktop\anul2\semestrul 2\grafica\proiect 1\flappy bird\flappy bird\debug\flappy bird.tlog\link.write.1.tlog
